<?xml version="1.0" encoding="UTF-8"?>
<testng-results skipped="0" failed="0" ignored="0" total="1" passed="1">
  <reporter-output>
  </reporter-output>
  <suite name="Test-suit" duration-ms="25351" started-at="2018-04-09T05:55:15Z" finished-at="2018-04-09T05:55:40Z">
    <groups>
    </groups>
    <test name="Test1" duration-ms="25351" started-at="2018-04-09T05:55:15Z" finished-at="2018-04-09T05:55:40Z">
      <class name="webdrivers.downloadingWebDriver">
        <test-method status="PASS" signature="setupClass()[pri:0, instance:webdrivers.downloadingWebDriver@343f4d3d]" name="setupClass" is-config="true" duration-ms="24611" started-at="2018-04-09T05:55:15Z" finished-at="2018-04-09T05:55:39Z">
          <reporter-output>
          </reporter-output>
        </test-method> <!-- setupClass -->
        <test-method status="PASS" signature="test()[pri:0, instance:webdrivers.downloadingWebDriver@343f4d3d]" name="test" duration-ms="5" started-at="2018-04-09T05:55:39Z" finished-at="2018-04-09T05:55:39Z">
          <reporter-output>
          </reporter-output>
        </test-method> <!-- test -->
        <test-method status="PASS" signature="teardown()[pri:0, instance:webdrivers.downloadingWebDriver@343f4d3d]" name="teardown" is-config="true" duration-ms="683" started-at="2018-04-09T05:55:39Z" finished-at="2018-04-09T05:55:40Z">
          <reporter-output>
          </reporter-output>
        </test-method> <!-- teardown -->
      </class> <!-- webdrivers.downloadingWebDriver -->
    </test> <!-- Test1 -->
  </suite> <!-- Test-suit -->
</testng-results>
